# JRE version: Java(TM) SE Runtime Environment (8.0_111-b14) (build 1.8.0_111-b14)
# Java VM: Java HotSpot(TM) 64-Bit Server VM (25.111-b14 mixed mode windows-amd64 compressed oops)
Heap:
 garbage-first heap   total 262144K, used 59303K [0x00000000c0000000, 0x00000000c0100800, 0x0000000100000000)
  region size 1024K, 53 young (54272K), 5 survivors (5120K)
 Metaspace       used 26533K, capacity 28012K, committed 28288K, reserved 1075200K
  class space    used 2950K, capacity 3400K, committed 3456K, reserved 1048576K
GC Heap History (6 events):
Event: 0.634 GC heap before
{Heap before GC invocations=0 (full 0):
 garbage-first heap   total 262144K, used 24576K [0x00000000c0000000, 0x00000000c0100800, 0x0000000100000000)
  region size 1024K, 24 young (24576K), 0 survivors (0K)
 Metaspace       used 8202K, capacity 8370K, committed 8576K, reserved 1056768K
  class space    used 863K, capacity 895K, committed 896K, reserved 1048576K
Event: 0.639 GC heap after
Heap after GC invocations=1 (full 0):
 garbage-first heap   total 262144K, used 5952K [0x00000000c0000000, 0x00000000c0100800, 0x0000000100000000)
  region size 1024K, 3 young (3072K), 3 survivors (3072K)
 Metaspace       used 8202K, capacity 8370K, committed 8576K, reserved 1056768K
  class space    used 863K, capacity 895K, committed 896K, reserved 1048576K
}
Event: 1.161 GC heap before
{Heap before GC invocations=1 (full 0):
 garbage-first heap   total 262144K, used 36672K [0x00000000c0000000, 0x00000000c0100800, 0x0000000100000000)
  region size 1024K, 33 young (33792K), 3 survivors (3072K)
 Metaspace       used 18937K, capacity 20014K, committed 20352K, reserved 1067008K
  class space    used 1956K, capacity 2308K, committed 2432K, reserved 1048576K
Event: 1.170 GC heap after
Heap after GC invocations=2 (full 0):
 garbage-first heap   total 262144K, used 18010K [0x00000000c0000000, 0x00000000c0100800, 0x0000000100000000)
  region size 1024K, 5 young (5120K), 5 survivors (5120K)
 Metaspace       used 18937K, capacity 20014K, committed 20352K, reserved 1067008K
  class space    used 1956K, capacity 2308K, committed 2432K, reserved 1048576K
}
Event: 1.215 GC heap before
{Heap before GC invocations=2 (full 0):
 garbage-first heap   total 262144K, used 22106K [0x00000000c0000000, 0x00000000c0100800, 0x0000000100000000)
  region size 1024K, 10 young (10240K), 5 survivors (5120K)
 Metaspace       used 19953K, capacity 21180K, committed 21296K, reserved 1069056K
  class space    used 2066K, capacity 2423K, committed 2432K, reserved 1048576K
Event: 1.219 GC heap after
Heap after GC invocations=3 (full 0):
 garbage-first heap   total 262144K, used 17921K [0x00000000c0000000, 0x00000000c0100800, 0x0000000100000000)
  region size 1024K, 5 young (5120K), 5 survivors (5120K)
 Metaspace       used 19953K, capacity 21180K, committed 21296K, reserved 1069056K
  class space    used 2066K, capacity 2423K, committed 2432K, reserved 1048576K
}

