# JRE version: Java(TM) SE Runtime Environment (8.0_111-b14) (build 1.8.0_111-b14)
# Java VM: Java HotSpot(TM) 64-Bit Server VM (25.111-b14 mixed mode windows-amd64 compressed oops)
Heap:
 garbage-first heap   total 262144K, used 69582K [0x00000000c0000000, 0x00000000c0100800, 0x0000000100000000)
  region size 1024K, 62 young (63488K), 6 survivors (6144K)
 Metaspace       used 26796K, capacity 28348K, committed 28544K, reserved 1075200K
  class space    used 2993K, capacity 3448K, committed 3456K, reserved 1048576K
GC Heap History (6 events):
Event: 0.742 GC heap before
{Heap before GC invocations=0 (full 0):
 garbage-first heap   total 262144K, used 24576K [0x00000000c0000000, 0x00000000c0100800, 0x0000000100000000)
  region size 1024K, 24 young (24576K), 0 survivors (0K)
 Metaspace       used 8205K, capacity 8370K, committed 8576K, reserved 1056768K
  class space    used 863K, capacity 895K, committed 896K, reserved 1048576K
Event: 0.749 GC heap after
Heap after GC invocations=1 (full 0):
 garbage-first heap   total 262144K, used 5975K [0x00000000c0000000, 0x00000000c0100800, 0x0000000100000000)
  region size 1024K, 3 young (3072K), 3 survivors (3072K)
 Metaspace       used 8205K, capacity 8370K, committed 8576K, reserved 1056768K
  class space    used 863K, capacity 895K, committed 896K, reserved 1048576K
}
Event: 1.319 GC heap before
{Heap before GC invocations=1 (full 0):
 garbage-first heap   total 262144K, used 36695K [0x00000000c0000000, 0x00000000c0100800, 0x0000000100000000)
  region size 1024K, 33 young (33792K), 3 survivors (3072K)
 Metaspace       used 18725K, capacity 19740K, committed 19968K, reserved 1067008K
  class space    used 1937K, capacity 2278K, committed 2304K, reserved 1048576K
Event: 1.329 GC heap after
Heap after GC invocations=2 (full 0):
 garbage-first heap   total 262144K, used 18306K [0x00000000c0000000, 0x00000000c0100800, 0x0000000100000000)
  region size 1024K, 5 young (5120K), 5 survivors (5120K)
 Metaspace       used 18725K, capacity 19740K, committed 19968K, reserved 1067008K
  class space    used 1937K, capacity 2278K, committed 2304K, reserved 1048576K
}
Event: 1.376 GC heap before
{Heap before GC invocations=2 (full 0):
 garbage-first heap   total 262144K, used 22402K [0x00000000c0000000, 0x00000000c0100800, 0x0000000100000000)
  region size 1024K, 10 young (10240K), 5 survivors (5120K)
 Metaspace       used 20016K, capacity 21172K, committed 21296K, reserved 1069056K
  class space    used 2071K, capacity 2421K, committed 2432K, reserved 1048576K
Event: 1.380 GC heap after
Heap after GC invocations=3 (full 0):
 garbage-first heap   total 262144K, used 19280K [0x00000000c0000000, 0x00000000c0100800, 0x0000000100000000)
  region size 1024K, 6 young (6144K), 6 survivors (6144K)
 Metaspace       used 20016K, capacity 21172K, committed 21296K, reserved 1069056K
  class space    used 2071K, capacity 2421K, committed 2432K, reserved 1048576K
}

